<?xml version="1.0" encoding="UTF-8"?>
<testsuite name="com.devspark.DevSparkApplicationTests" tests="1" skipped="0" failures="0" errors="0" timestamp="2026-02-10T13:46:01.517Z" hostname="Decades-MacBook.local" time="0.981">
  <properties/>
  <testcase name="contextLoads()" classname="com.devspark.DevSparkApplicationTests" time="0.347"/>
  <system-out><![CDATA[21:46:01.579 [Test worker] INFO org.springframework.test.context.support.AnnotationConfigContextLoaderUtils -- Could not detect default configuration classes for test class [com.devspark.DevSparkApplicationTests]: DevSparkApplicationTests does not declare any static, non-private, non-final, nested classes annotated with @Configuration.
21:46:01.616 [Test worker] INFO org.springframework.boot.test.context.SpringBootTestContextBootstrapper -- Found @SpringBootConfiguration com.devspark.DevSparkApplication for test class com.devspark.DevSparkApplicationTests

  .   ____          _            __ _ _
 /\\ / ___'_ __ _ _(_)_ __  __ _ \ \ \ \
( ( )\___ | '_ | '_| | '_ \/ _` | \ \ \ \
 \\/  ___)| |_)| | | | | || (_| |  ) ) ) )
  '  |____| .__|_| |_|_| |_\__, | / / / /
 =========|_|==============|___/=/_/_/_/

 :: Spring Boot ::                (v3.4.0)

2026-02-10T21:46:01.759+08:00  INFO 35305 --- [    Test worker] com.devspark.DevSparkApplicationTests    : Starting DevSparkApplicationTests using Java 21.0.10 with PID 35305 (started by qzj in /Users/qzj/Desktop/Development/DevSpark/.worktrees/devspark-mvp/backend)
2026-02-10T21:46:01.760+08:00  INFO 35305 --- [    Test worker] com.devspark.DevSparkApplicationTests    : No active profile set, falling back to 1 default profile: "default"
2026-02-10T21:46:02.147+08:00  INFO 35305 --- [    Test worker] com.devspark.DevSparkApplicationTests    : Started DevSparkApplicationTests in 0.482 seconds (process running for 0.999)
]]></system-out>
  <system-err><![CDATA[Mockito is currently self-attaching to enable the inline-mock-maker. This will no longer work in future releases of the JDK. Please add Mockito as an agent to your build what is described in Mockito's documentation: https://javadoc.io/doc/org.mockito/mockito-core/latest/org/mockito/Mockito.html#0.3
WARNING: A Java agent has been loaded dynamically (/Users/qzj/.gradle/caches/modules-2/files-2.1/net.bytebuddy/byte-buddy-agent/1.15.10/e8eb255b2c378b9a6c7341e7b0e12f0a5636377/byte-buddy-agent-1.15.10.jar)
WARNING: If a serviceability tool is in use, please run with -XX:+EnableDynamicAgentLoading to hide this warning
WARNING: If a serviceability tool is not in use, please run with -Djdk.instrument.traceUsage for more information
WARNING: Dynamic loading of agents will be disallowed by default in a future release
]]></system-err>
</testsuite>
